#
# A fatal error has been detected by the Java Runtime Environment:
#
#  EXCEPTION_ACCESS_VIOLATION (0xc0000005) at pc=0x00000000518c9535, pid=1912, tid=1600
#
# JRE version: Java(TM) SE Runtime Environment (8.0_20-b26) (build 1.8.0_20-b26)
# Java VM: Java HotSpot(TM) 64-Bit Server VM (25.20-b23 mixed mode windows-amd64 compressed oops)
# Problematic frame:
# V  [jvm.dll+0x119535]
#
# Failed to write core dump. Minidumps are not enabled by default on client versions of Windows
#
# If you would like to submit a bug report, please visit:
#   http://bugreport.sun.com/bugreport/crash.jsp
#

---------------  T H R E A D  ---------------

Current thread (0x000000001753c800):  JavaThread "JDWP Transport Listener: dt_socket" daemon [_thread_in_vm, id=1600, stack(0x00000000194a0000,0x00000000195a0000)]

siginfo: ExceptionCode=0xc0000005, reading address 0x0000007300730061

Registers:
RAX=0x000000001959f701, RBX=0x000000001753c800, RCX=0x0000007300730061, RDX=0x0000000000000000
RSP=0x000000001959f730, RBP=0x0000007300730061, RSI=0x000000001959f848, RDI=0x0000000002753770
R8 =0x000000001753c800, R9 =0x0000000000008000, R10=0x7274532f676e616c, R11=0x000000001e1547ab
R12=0x0000000000000000, R13=0x000000001753a148, R14=0x0000000000000000, R15=0x0000000000000000
RIP=0x00000000518c9535, EFLAGS=0x0000000000010202

Top of Stack: (sp=0x000000001959f730)
0x000000001959f730:   000000001753c800 000000001753c800
0x000000001959f740:   000000001959f7f8 0000000051ac655b
0x000000001959f750:   000000001753c800 0000000051ae2dbd
0x000000001959f760:   000000000000008a 00000000514c9149
0x000000001959f770:   000000001e174de8 00000000514d2912
0x000000001959f780:   000000001753c800 0000000000000000
0x000000001959f790:   0000000000000000 0000000000000000
0x000000001959f7a0:   0000007300730061 00000000514d1a09
0x000000001959f7b0:   000000001959f848 000000001959f820
0x000000001959f7c0:   0000000000000001 000000001e174de8
0x000000001959f7d0:   0000007300730061 00000000514b53b3
0x000000001959f7e0:   000000001959f910 0000000000000001
0x000000001959f7f0:   0000000000000001 000000001e174de8
0x000000001959f800:   0000000000000001 0000000000000000
0x000000001959f810:   0000000000000000 0000000000000000
0x000000001959f820:   0000000000000001 00000000514b5571 

Instructions: (pc=0x00000000518c9535)
0x00000000518c9515:   cc cc cc cc cc cc cc cc cc cc cc 48 83 ec 28 48
0x00000000518c9525:   85 c9 75 07 33 c0 48 83 c4 28 c3 48 89 5c 24 20
0x00000000518c9535:   48 8b 19 48 85 db 74 20 48 83 fb 37 74 1a 48 8b
0x00000000518c9545:   13 48 8b cb ff 52 10 84 c0 74 0d 48 8b c3 48 8b 


Register to memory mapping:

RAX=0x000000001959f701 is pointing into the stack for thread: 0x000000001753c800
RBX=0x000000001753c800 is a thread
RCX=0x0000007300730061 is an unknown value
RDX=0x0000000000000000 is an unknown value
RSP=0x000000001959f730 is pointing into the stack for thread: 0x000000001753c800
RBP=0x0000007300730061 is an unknown value
RSI=0x000000001959f848 is pointing into the stack for thread: 0x000000001753c800
RDI=0x0000000002753770 is an unknown value
R8 =0x000000001753c800 is a thread
R9 =0x0000000000008000 is an unknown value
R10=0x7274532f676e616c is an unknown value
R11=0x000000001e1547ab is an unknown value
R12=0x0000000000000000 is an unknown value
R13=0x000000001753a148 is an unknown value
R14=0x0000000000000000 is an unknown value
R15=0x0000000000000000 is an unknown value


Stack: [0x00000000194a0000,0x00000000195a0000],  sp=0x000000001959f730,  free space=1021k
Native frames: (J=compiled Java code, j=interpreted, Vv=VM code, C=native code)
V  [jvm.dll+0x119535]
V  [jvm.dll+0x332dbd]
C  [jdwp.dll+0x21a09]
C  [jdwp.dll+0x53b3]
C  [jdwp.dll+0x5571]
C  [jdwp.dll+0xf09c]
C  [jdwp.dll+0x1f2c9]
C  [jdwp.dll+0x1f49e]
V  [jvm.dll+0x1aaa18]
V  [jvm.dll+0x22aac4]
V  [jvm.dll+0x283f5a]
C  [msvcr100.dll+0x21d9f]
C  [msvcr100.dll+0x21e3b]
C  [KERNEL32.DLL+0x17e94]
C  [ntdll.dll+0x67ad1]


---------------  P R O C E S S  ---------------

Java Threads: ( => current thread )
  0x000000001e5ad000 JavaThread "ForkJoinPool.commonPool-worker-0" daemon [_thread_blocked, id=5144, stack(0x0000000041a10000,0x0000000041b10000)]
  0x000000001e5ac800 JavaThread "logback-22" daemon [_thread_blocked, id=3592, stack(0x0000000041910000,0x0000000041a10000)]
  0x000000001e5a9800 JavaThread "Druid-ConnectionPool-Destroy-1662579043" daemon [_thread_blocked, id=12504, stack(0x0000000041310000,0x0000000041410000)]
  0x000000001e5ab000 JavaThread "Druid-ConnectionPool-Create-1662579043" daemon [_thread_blocked, id=13756, stack(0x0000000041210000,0x0000000041310000)]
  0x000000001e5a8800 JavaThread "http-nio-8099-AsyncTimeout" daemon [_thread_blocked, id=13300, stack(0x0000000040e10000,0x0000000040f10000)]
  0x000000001e5ab800 JavaThread "http-nio-8099-Acceptor-0" daemon [_thread_in_native, id=9092, stack(0x0000000040d10000,0x0000000040e10000)]
  0x000000001e59f800 JavaThread "http-nio-8099-ClientPoller-1" daemon [_thread_in_native, id=14504, stack(0x0000000040c10000,0x0000000040d10000)]
  0x000000001e5a6800 JavaThread "http-nio-8099-ClientPoller-0" daemon [_thread_in_native, id=7668, stack(0x0000000040b10000,0x0000000040c10000)]
  0x000000001e5a2800 JavaThread "http-nio-8099-exec-10" daemon [_thread_blocked, id=11108, stack(0x0000000040a10000,0x0000000040b10000)]
  0x000000001e5a1000 JavaThread "http-nio-8099-exec-9" daemon [_thread_blocked, id=15164, stack(0x0000000040910000,0x0000000040a10000)]
  0x000000001e5a5000 JavaThread "http-nio-8099-exec-8" daemon [_thread_blocked, id=5892, stack(0x0000000040810000,0x0000000040910000)]
  0x000000001e59f000 JavaThread "http-nio-8099-exec-7" daemon [_thread_blocked, id=12152, stack(0x0000000040710000,0x0000000040810000)]
  0x000000001e5a5800 JavaThread "http-nio-8099-exec-6" daemon [_thread_blocked, id=14596, stack(0x0000000040610000,0x0000000040710000)]
  0x000000001e5a2000 JavaThread "http-nio-8099-exec-5" daemon [_thread_blocked, id=14684, stack(0x0000000040510000,0x0000000040610000)]
  0x000000001e5a3800 JavaThread "http-nio-8099-exec-4" daemon [_thread_blocked, id=14532, stack(0x0000000040410000,0x0000000040510000)]
  0x000000001dd83800 JavaThread "http-nio-8099-exec-3" daemon [_thread_blocked, id=2440, stack(0x0000000040310000,0x0000000040410000)]
  0x000000001dd83000 JavaThread "http-nio-8099-exec-2" daemon [_thread_blocked, id=12264, stack(0x0000000040210000,0x0000000040310000)]
  0x000000001dd82000 JavaThread "http-nio-8099-exec-1" daemon [_thread_blocked, id=7432, stack(0x0000000040110000,0x0000000040210000)]
  0x000000001dd7a800 JavaThread "NioBlockingSelector.BlockPoller-6" daemon [_thread_in_native, id=14792, stack(0x0000000040010000,0x0000000040110000)]
  0x000000001dd81800 JavaThread "pool-7-thread-1" [_thread_blocked, id=14960, stack(0x000000003ff10000,0x0000000040010000)]
  0x000000001dd80800 JavaThread "File Watcher" daemon [_thread_blocked, id=8840, stack(0x000000003fe10000,0x000000003ff10000)]
  0x000000001dd79000 JavaThread "container-0" [_thread_blocked, id=12340, stack(0x000000003fd10000,0x000000003fe10000)]
  0x000000001dd7a000 JavaThread "ContainerBackgroundProcessor[StandardEngine[Tomcat]]" daemon [_thread_blocked, id=13124, stack(0x000000003fc10000,0x000000003fd10000)]
  0x000000001dd78800 JavaThread "logback-21" daemon [_thread_blocked, id=12300, stack(0x000000003f810000,0x000000003f910000)]
  0x000000001e5a0800 JavaThread "RMI TCP Connection(idle)" daemon [_thread_blocked, id=13744, stack(0x000000003cc10000,0x000000003cd10000)]
  0x000000001dd77000 JavaThread "RMI TCP Connection(idle)" daemon [_thread_blocked, id=10620, stack(0x000000003a010000,0x000000003a110000)]
  0x000000001dd7d800 JavaThread "RMI TCP Connection(idle)" daemon [_thread_blocked, id=15124, stack(0x0000000039f10000,0x000000003a010000)]
  0x000000001e5a4000 JavaThread "RMI TCP Connection(idle)" daemon [_thread_blocked, id=5248, stack(0x0000000033610000,0x0000000033710000)]
  0x000000001dd7d000 JavaThread "Abandoned connection cleanup thread" daemon [_thread_blocked, id=8100, stack(0x0000000021410000,0x0000000021510000)]
  0x000000001dd7c000 JavaThread "DestroyJavaVM" [_thread_blocked, id=1916, stack(0x0000000002630000,0x0000000002730000)]
  0x000000001ab29000 JavaThread "Live Reload Server" daemon [_thread_in_native, id=5292, stack(0x000000001f410000,0x000000001f510000)]
  0x000000001a38b800 JavaThread "JMX server connection timeout 24" daemon [_thread_blocked, id=9372, stack(0x000000001c540000,0x000000001c640000)]
  0x0000000019f35000 JavaThread "RMI Scheduler(0)" daemon [_thread_blocked, id=8832, stack(0x000000001c240000,0x000000001c340000)]
  0x0000000019ff5800 JavaThread "RMI TCP Accept-0" daemon [_thread_in_native, id=9024, stack(0x000000001a5c0000,0x000000001a6c0000)]
  0x0000000019fdd800 JavaThread "RMI TCP Accept-54199" daemon [_thread_in_native, id=2096, stack(0x000000001a4c0000,0x000000001a5c0000)]
  0x0000000019fd3800 JavaThread "RMI TCP Accept-0" daemon [_thread_in_native, id=4704, stack(0x000000001a3c0000,0x000000001a4c0000)]
  0x0000000018f8a800 JavaThread "Service Thread" daemon [_thread_blocked, id=10676, stack(0x0000000019aa0000,0x0000000019ba0000)]
  0x0000000018f1c000 JavaThread "C1 CompilerThread2" daemon [_thread_blocked, id=5124, stack(0x00000000199a0000,0x0000000019aa0000)]
  0x0000000018f16800 JavaThread "C2 CompilerThread1" daemon [_thread_blocked, id=2604, stack(0x00000000198a0000,0x00000000199a0000)]
  0x0000000018f0e800 JavaThread "C2 CompilerThread0" daemon [_thread_blocked, id=1604, stack(0x00000000197a0000,0x00000000198a0000)]
  0x0000000018f01000 JavaThread "JDWP Command Reader" daemon [_thread_in_native, id=7220, stack(0x00000000196a0000,0x00000000197a0000)]
  0x0000000018eff800 JavaThread "JDWP Event Helper Thread" daemon [_thread_blocked, id=6316, stack(0x00000000195a0000,0x00000000196a0000)]
=>0x000000001753c800 JavaThread "JDWP Transport Listener: dt_socket" daemon [_thread_in_vm, id=1600, stack(0x00000000194a0000,0x00000000195a0000)]
  0x0000000018ef6000 JavaThread "Attach Listener" daemon [_thread_blocked, id=9604, stack(0x00000000193a0000,0x00000000194a0000)]
  0x0000000018ef5800 JavaThread "Signal Dispatcher" daemon [_thread_blocked, id=7296, stack(0x00000000192a0000,0x00000000193a0000)]
  0x000000000284a800 JavaThread "Finalizer" daemon [_thread_blocked, id=5012, stack(0x0000000018da0000,0x0000000018ea0000)]
  0x0000000002843800 JavaThread "Reference Handler" daemon [_thread_blocked, id=4396, stack(0x0000000018ca0000,0x0000000018da0000)]

Other Threads:
  0x00000000174e7000 VMThread [stack: 0x0000000018ba0000,0x0000000018ca0000] [id=12108]
  0x0000000019ff9000 WatcherThread [stack: 0x000000001a6c0000,0x000000001a7c0000] [id=14252]

VM state:not at safepoint (normal execution)

VM Mutex/Monitor currently owned by a thread: None

Heap:
 PSYoungGen      total 172544K, used 27886K [0x00000000d6380000, 0x00000000e2000000, 0x0000000100000000)
  eden space 162304K, 11% used [0x00000000d6380000,0x00000000d75387c8,0x00000000e0200000)
  from space 10240K, 95% used [0x00000000e0780000,0x00000000e1103378,0x00000000e1180000)
  to   space 14848K, 0% used [0x00000000e1180000,0x00000000e1180000,0x00000000e2000000)
 ParOldGen       total 96256K, used 56561K [0x0000000082a00000, 0x0000000088800000, 0x00000000d6380000)
  object space 96256K, 58% used [0x0000000082a00000,0x000000008613c570,0x0000000088800000)
 Metaspace       used 58614K, capacity 62710K, committed 62848K, reserved 1103872K
  class space    used 7335K, capacity 8011K, committed 8064K, reserved 1048576K

Card table byte_map: [0x0000000011c10000,0x0000000012000000] byte_map_base: 0x00000000117fb000

Marking Bits: (ParMarkBitMap*) 0x0000000051f8b460
 Begin Bits: [0x00000000128a0000, 0x00000000147f8000)
 End Bits:   [0x00000000147f8000, 0x0000000016750000)

Polling page: 0x00000000001f0000

CodeCache: size=245760Kb used=21118Kb max_used=21118Kb free=224641Kb
 bounds [0x0000000002850000, 0x0000000003d00000, 0x0000000011850000]
 total_blobs=10915 nmethods=10341 adapters=494
 compilation: enabled

Compilation events (10 events):
Event: 3399.241 Thread 0x0000000018f1c000 10555       1       org.apache.coyote.http11.filters.IdentityInputFilter::end (122 bytes)
Event: 3399.241 Thread 0x0000000018f1c000 nmethod 10555 0x0000000003cf1c50 code [0x0000000003cf1de0, 0x0000000003cf20c8]
Event: 3399.241 Thread 0x0000000018f1c000 10554   !   1       org.springframework.context.event.AbstractApplicationEventMulticaster$ListenerRetriever::getApplicationListeners (144 bytes)
Event: 3399.242 Thread 0x0000000018f1c000 nmethod 10554 0x0000000003cf2210 code [0x0000000003cf2440, 0x0000000003cf2b08]
Event: 3403.058 Thread 0x0000000018f1c000 10557       1       com.fasterxml.jackson.core.JsonParser$Feature::enabledIn (15 bytes)
Event: 3403.058 Thread 0x0000000018f1c000 nmethod 10557 0x0000000003cf3210 code [0x0000000003cf3360, 0x0000000003cf3490]
Event: 3403.058 Thread 0x0000000018f1c000 10556       1       java.io.InputStream::markSupported (2 bytes)
Event: 3403.059 Thread 0x0000000018f1c000 nmethod 10556 0x0000000003cf3510 code [0x0000000003cf3660, 0x0000000003cf3770]
Event: 3403.062 Thread 0x0000000018f1c000 10558       1       org.apache.ibatis.executor.ErrorContext::resource (7 bytes)
Event: 3403.062 Thread 0x0000000018f1c000 nmethod 10558 0x0000000003cf37d0 code [0x0000000003cf3920, 0x0000000003cf3a50]

GC Heap History (10 events):
Event: 3297.502 GC heap before
{Heap before GC invocations=34 (full 6):
 PSYoungGen      total 178176K, used 160256K [0x00000000d6380000, 0x00000000e2780000, 0x0000000100000000)
  eden space 160256K, 100% used [0x00000000d6380000,0x00000000e0000000,0x00000000e0000000)
  from space 17920K, 0% used [0x00000000e0000000,0x00000000e0000000,0x00000000e1180000)
  to   space 17408K, 0% used [0x00000000e1680000,0x00000000e1680000,0x00000000e2780000)
 ParOldGen       total 96256K, used 50619K [0x0000000082a00000, 0x0000000088800000, 0x00000000d6380000)
  object space 96256K, 52% used [0x0000000082a00000,0x0000000085b6ec30,0x0000000088800000)
 Metaspace       used 56081K, capacity 59894K, committed 60032K, reserved 1101824K
  class space    used 7134K, capacity 7760K, committed 7808K, reserved 1048576K
Event: 3297.505 GC heap after
Heap after GC invocations=34 (full 6):
 PSYoungGen      total 183808K, used 6808K [0x00000000d6380000, 0x00000000e2800000, 0x0000000100000000)
  eden space 166400K, 0% used [0x00000000d6380000,0x00000000d6380000,0x00000000e0600000)
  from space 17408K, 39% used [0x00000000e1680000,0x00000000e1d26168,0x00000000e2780000)
  to   space 16896K, 0% used [0x00000000e0600000,0x00000000e0600000,0x00000000e1680000)
 ParOldGen       total 96256K, used 50627K [0x0000000082a00000, 0x0000000088800000, 0x00000000d6380000)
  object space 96256K, 52% used [0x0000000082a00000,0x0000000085b70c30,0x0000000088800000)
 Metaspace       used 56081K, capacity 59894K, committed 60032K, reserved 1101824K
  class space    used 7134K, capacity 7760K, committed 7808K, reserved 1048576K
}
Event: 3341.461 GC heap before
{Heap before GC invocations=35 (full 6):
 PSYoungGen      total 183808K, used 168995K [0x00000000d6380000, 0x00000000e2800000, 0x0000000100000000)
  eden space 166400K, 97% used [0x00000000d6380000,0x00000000e01e2dc8,0x00000000e0600000)
  from space 17408K, 39% used [0x00000000e1680000,0x00000000e1d26168,0x00000000e2780000)
  to   space 16896K, 0% used [0x00000000e0600000,0x00000000e0600000,0x00000000e1680000)
 ParOldGen       total 96256K, used 50627K [0x0000000082a00000, 0x0000000088800000, 0x00000000d6380000)
  object space 96256K, 52% used [0x0000000082a00000,0x0000000085b70c30,0x0000000088800000)
 Metaspace       used 56849K, capacity 60768K, committed 60928K, reserved 1101824K
  class space    used 7182K, capacity 7816K, committed 7936K, reserved 1048576K
Event: 3341.464 GC heap after
Heap after GC invocations=35 (full 6):
 PSYoungGen      total 183296K, used 7056K [0x00000000d6380000, 0x00000000e2700000, 0x0000000100000000)
  eden space 166400K, 0% used [0x00000000d6380000,0x00000000d6380000,0x00000000e0600000)
  from space 16896K, 41% used [0x00000000e0600000,0x00000000e0ce4030,0x00000000e1680000)
  to   space 16384K, 0% used [0x00000000e1700000,0x00000000e1700000,0x00000000e2700000)
 ParOldGen       total 96256K, used 50635K [0x0000000082a00000, 0x0000000088800000, 0x00000000d6380000)
  object space 96256K, 52% used [0x0000000082a00000,0x0000000085b72c30,0x0000000088800000)
 Metaspace       used 56849K, capacity 60768K, committed 60928K, reserved 1101824K
  class space    used 7182K, capacity 7816K, committed 7936K, reserved 1048576K
}
Event: 3341.464 GC heap before
{Heap before GC invocations=36 (full 7):
 PSYoungGen      total 183296K, used 7056K [0x00000000d6380000, 0x00000000e2700000, 0x0000000100000000)
  eden space 166400K, 0% used [0x00000000d6380000,0x00000000d6380000,0x00000000e0600000)
  from space 16896K, 41% used [0x00000000e0600000,0x00000000e0ce4030,0x00000000e1680000)
  to   space 16384K, 0% used [0x00000000e1700000,0x00000000e1700000,0x00000000e2700000)
 ParOldGen       total 96256K, used 50635K [0x0000000082a00000, 0x0000000088800000, 0x00000000d6380000)
  object space 96256K, 52% used [0x0000000082a00000,0x0000000085b72c30,0x0000000088800000)
 Metaspace       used 56849K, capacity 60768K, committed 60928K, reserved 1101824K
  class space    used 7182K, capacity 7816K, committed 7936K, reserved 1048576K
Event: 3341.600 GC heap after
Heap after GC invocations=36 (full 7):
 PSYoungGen      total 183296K, used 0K [0x00000000d6380000, 0x00000000e2700000, 0x0000000100000000)
  eden space 166400K, 0% used [0x00000000d6380000,0x00000000d6380000,0x00000000e0600000)
  from space 16896K, 0% used [0x00000000e0600000,0x00000000e0600000,0x00000000e1680000)
  to   space 16384K, 0% used [0x00000000e1700000,0x00000000e1700000,0x00000000e2700000)
 ParOldGen       total 96256K, used 56545K [0x0000000082a00000, 0x0000000088800000, 0x00000000d6380000)
  object space 96256K, 58% used [0x0000000082a00000,0x0000000086138570,0x0000000088800000)
 Metaspace       used 56800K, capacity 60690K, committed 60928K, reserved 1101824K
  class space    used 7175K, capacity 7803K, committed 7936K, reserved 1048576K
}
Event: 3342.361 GC heap before
{Heap before GC invocations=37 (full 7):
 PSYoungGen      total 183296K, used 166400K [0x00000000d6380000, 0x00000000e2700000, 0x0000000100000000)
  eden space 166400K, 100% used [0x00000000d6380000,0x00000000e0600000,0x00000000e0600000)
  from space 16896K, 0% used [0x00000000e0600000,0x00000000e0600000,0x00000000e1680000)
  to   space 16384K, 0% used [0x00000000e1700000,0x00000000e1700000,0x00000000e2700000)
 ParOldGen       total 96256K, used 56545K [0x0000000082a00000, 0x0000000088800000, 0x00000000d6380000)
  object space 96256K, 58% used [0x0000000082a00000,0x0000000086138570,0x0000000088800000)
 Metaspace       used 57307K, capacity 61228K, committed 61440K, reserved 1103872K
  class space    used 7230K, capacity 7876K, committed 7936K, reserved 1048576K
Event: 3342.365 GC heap after
Heap after GC invocations=37 (full 7):
 PSYoungGen      total 184320K, used 6993K [0x00000000d6380000, 0x00000000e2b80000, 0x0000000100000000)
  eden space 167936K, 0% used [0x00000000d6380000,0x00000000d6380000,0x00000000e0780000)
  from space 16384K, 42% used [0x00000000e1700000,0x00000000e1dd4480,0x00000000e2700000)
  to   space 15872K, 0% used [0x00000000e0780000,0x00000000e0780000,0x00000000e1700000)
 ParOldGen       total 96256K, used 56553K [0x0000000082a00000, 0x0000000088800000, 0x00000000d6380000)
  object space 96256K, 58% used [0x0000000082a00000,0x000000008613a570,0x0000000088800000)
 Metaspace       used 57307K, capacity 61228K, committed 61440K, reserved 1103872K
  class space    used 7230K, capacity 7876K, committed 7936K, reserved 1048576K
}
Event: 3390.544 GC heap before
{Heap before GC invocations=38 (full 7):
 PSYoungGen      total 184320K, used 174929K [0x00000000d6380000, 0x00000000e2b80000, 0x0000000100000000)
  eden space 167936K, 100% used [0x00000000d6380000,0x00000000e0780000,0x00000000e0780000)
  from space 16384K, 42% used [0x00000000e1700000,0x00000000e1dd4480,0x00000000e2700000)
  to   space 15872K, 0% used [0x00000000e0780000,0x00000000e0780000,0x00000000e1700000)
 ParOldGen       total 96256K, used 56553K [0x0000000082a00000, 0x0000000088800000, 0x00000000d6380000)
  object space 96256K, 58% used [0x0000000082a00000,0x000000008613a570,0x0000000088800000)
 Metaspace       used 58040K, capacity 62032K, committed 62208K, reserved 1103872K
  class space    used 7279K, capacity 7930K, committed 7936K, reserved 1048576K
Event: 3390.552 GC heap after
Heap after GC invocations=38 (full 7):
 PSYoungGen      total 172544K, used 9740K [0x00000000d6380000, 0x00000000e2000000, 0x0000000100000000)
  eden space 162304K, 0% used [0x00000000d6380000,0x00000000d6380000,0x00000000e0200000)
  from space 10240K, 95% used [0x00000000e0780000,0x00000000e1103378,0x00000000e1180000)
  to   space 14848K, 0% used [0x00000000e1180000,0x00000000e1180000,0x00000000e2000000)
 ParOldGen       total 96256K, used 56561K [0x0000000082a00000, 0x0000000088800000, 0x00000000d6380000)
  object space 96256K, 58% used [0x0000000082a00000,0x000000008613c570,0x0000000088800000)
 Metaspace       used 58040K, capacity 62032K, committed 62208K, reserved 1103872K
  class space    used 7279K, capacity 7930K, committed 7936K, reserved 1048576K
}

Deoptimization events (0 events):
No events

Internal exceptions (10 events):
Event: 3379.067 Thread 0x000000001dd82000 Exception <a 'java/security/PrivilegedActionException'> (0x00000000ded1a508) thrown at [D:\re\workspace\8-2-build-windows-amd64-cygwin\jdk8u20\1074\hotspot\src\share\vm\prims\jvm.cpp, line 1275]
Event: 3379.068 Thread 0x000000001dd82000 Exception <a 'java/lang/ArrayIndexOutOfBoundsException'> (0x00000000dff52278) thrown at [D:\re\workspace\8-2-build-windows-amd64-cygwin\jdk8u20\1074\hotspot\src\share\vm\runtime\sharedRuntime.cpp, line 604]
Event: 3379.071 Thread 0x000000001dd82000 Exception <a 'java/security/PrivilegedActionException'> (0x00000000dff96130) thrown at [D:\re\workspace\8-2-build-windows-amd64-cygwin\jdk8u20\1074\hotspot\src\share\vm\prims\jvm.cpp, line 1275]
Event: 3379.071 Thread 0x000000001dd82000 Exception <a 'java/security/PrivilegedActionException'> (0x00000000dff99030) thrown at [D:\re\workspace\8-2-build-windows-amd64-cygwin\jdk8u20\1074\hotspot\src\share\vm\prims\jvm.cpp, line 1275]
Event: 3379.071 Thread 0x000000001dd82000 Exception <a 'java/security/PrivilegedActionException'> (0x00000000dff9a778) thrown at [D:\re\workspace\8-2-build-windows-amd64-cygwin\jdk8u20\1074\hotspot\src\share\vm\prims\jvm.cpp, line 1275]
Event: 3391.005 Thread 0x000000001e5a3800 Exception <a 'java/security/PrivilegedActionException'> (0x00000000d6566cb0) thrown at [D:\re\workspace\8-2-build-windows-amd64-cygwin\jdk8u20\1074\hotspot\src\share\vm\prims\jvm.cpp, line 1275]
Event: 3398.057 Thread 0x000000001dd82000 Exception <a 'java/lang/ArrayIndexOutOfBoundsException'> (0x00000000d6dc7ac0) thrown at [D:\re\workspace\8-2-build-windows-amd64-cygwin\jdk8u20\1074\hotspot\src\share\vm\runtime\sharedRuntime.cpp, line 604]
Event: 3399.239 Thread 0x000000001e59f000 Exception <a 'java/lang/ArrayIndexOutOfBoundsException'> (0x00000000d6f0a848) thrown at [D:\re\workspace\8-2-build-windows-amd64-cygwin\jdk8u20\1074\hotspot\src\share\vm\runtime\sharedRuntime.cpp, line 604]
Event: 3403.037 Thread 0x000000001e5a5800 Exception <a 'java/lang/ArrayIndexOutOfBoundsException'> (0x00000000d6c79160) thrown at [D:\re\workspace\8-2-build-windows-amd64-cygwin\jdk8u20\1074\hotspot\src\share\vm\runtime\sharedRuntime.cpp, line 604]
Event: 3403.064 Thread 0x000000001dd82000 Exception <a 'java/lang/ArrayIndexOutOfBoundsException'> (0x00000000d7189ee0) thrown at [D:\re\workspace\8-2-build-windows-amd64-cygwin\jdk8u20\1074\hotspot\src\share\vm\runtime\sharedRuntime.cpp, line 604]

Events (10 events):
Event: 3409.904 Executing VM operation: ChangeSingleStep
Event: 3409.904 Executing VM operation: ChangeSingleStep done
Event: 3409.904 Executing VM operation: EnterInterpOnlyMode
Event: 3409.904 Executing nested VM operation: Deoptimize
Event: 3409.905 Executing nested VM operation: Deoptimize done
Event: 3409.905 Executing VM operation: EnterInterpOnlyMode done
Event: 3409.905 Executing VM operation: GetCurrentLocation
Event: 3409.905 Executing VM operation: GetCurrentLocation done
Event: 3409.905 Executing VM operation: ChangeSingleStep
Event: 3409.906 Executing VM operation: ChangeSingleStep done


Dynamic libraries:
0x00007ff671430000 - 0x00007ff671464000 	E:\donglong\jdk-1.8\bin\javaw.exe
0x00007fff47b20000 - 0x00007fff47d0d000 	C:\Windows\SYSTEM32\ntdll.dll
0x00007fff46d90000 - 0x00007fff46e43000 	C:\Windows\System32\KERNEL32.DLL
0x00007fff440d0000 - 0x00007fff44363000 	C:\Windows\System32\KERNELBASE.dll
0x00007fff46ba0000 - 0x00007fff46c43000 	C:\Windows\System32\ADVAPI32.dll
0x00007fff46e50000 - 0x00007fff46eee000 	C:\Windows\System32\msvcrt.dll
0x00007fff46f60000 - 0x00007fff46ffe000 	C:\Windows\System32\sechost.dll
0x00007fff47200000 - 0x00007fff47323000 	C:\Windows\System32\RPCRT4.dll
0x00007fff47330000 - 0x00007fff474c7000 	C:\Windows\System32\USER32.dll
0x00007fff43df0000 - 0x00007fff43e10000 	C:\Windows\System32\win32u.dll
0x00007fff471d0000 - 0x00007fff471f9000 	C:\Windows\System32\GDI32.dll
0x00007fff43e10000 - 0x00007fff43faa000 	C:\Windows\System32\gdi32full.dll
0x00007fff44010000 - 0x00007fff440b0000 	C:\Windows\System32\msvcp_win.dll
0x00007fff43bf0000 - 0x00007fff43cec000 	C:\Windows\System32\ucrtbase.dll
0x00007fff3a2a0000 - 0x00007fff3a519000 	C:\Windows\WinSxS\amd64_microsoft.windows.common-controls_6595b64144ccf1df_6.0.17763.1_none_f040600eff408c2d\COMCTL32.dll
0x00007fff44dd0000 - 0x00007fff450fe000 	C:\Windows\System32\combase.dll
0x00007fff43cf0000 - 0x00007fff43d6e000 	C:\Windows\System32\bcryptPrimitives.dll
0x00007fff471a0000 - 0x00007fff471ce000 	C:\Windows\System32\IMM32.DLL
0x00000000514f0000 - 0x00000000515c2000 	E:\donglong\jdk-1.8\bin\msvcr100.dll
0x00000000517b0000 - 0x0000000052008000 	E:\donglong\jdk-1.8\bin\server\jvm.dll
0x00007fff478d0000 - 0x00007fff478d8000 	C:\Windows\System32\PSAPI.DLL
0x00007fff40530000 - 0x00007fff40539000 	C:\Windows\SYSTEM32\WSOCK32.dll
0x00007fff41de0000 - 0x00007fff41e04000 	C:\Windows\SYSTEM32\WINMM.dll
0x00007fff46ef0000 - 0x00007fff46f5d000 	C:\Windows\System32\WS2_32.dll
0x00007fff41d80000 - 0x00007fff41dad000 	C:\Windows\SYSTEM32\WINMMBASE.dll
0x00007fff43da0000 - 0x00007fff43dea000 	C:\Windows\System32\cfgmgr32.dll
0x00000000516c0000 - 0x00000000516cf000 	E:\donglong\jdk-1.8\bin\verify.dll
0x0000000051690000 - 0x00000000516b8000 	E:\donglong\jdk-1.8\bin\java.dll
0x00000000514b0000 - 0x00000000514e5000 	E:\donglong\jdk-1.8\bin\jdwp.dll
0x00000000514a0000 - 0x00000000514a8000 	E:\donglong\jdk-1.8\bin\npt.dll
0x0000000051640000 - 0x0000000051656000 	E:\donglong\jdk-1.8\bin\zip.dll
0x00007fff45160000 - 0x00007fff4664f000 	C:\Windows\System32\SHELL32.dll
0x00007fff47090000 - 0x00007fff47138000 	C:\Windows\System32\shcore.dll
0x00007fff44370000 - 0x00007fff44ab8000 	C:\Windows\System32\windows.storage.dll
0x00007fff43b60000 - 0x00007fff43b84000 	C:\Windows\System32\profapi.dll
0x00007fff43b90000 - 0x00007fff43bed000 	C:\Windows\System32\powrprof.dll
0x00007fff47a90000 - 0x00007fff47ae2000 	C:\Windows\System32\shlwapi.dll
0x00007fff43b20000 - 0x00007fff43b31000 	C:\Windows\System32\kernel.appcore.dll
0x00007fff440b0000 - 0x00007fff440c7000 	C:\Windows\System32\cryptsp.dll
0x0000000051490000 - 0x0000000051499000 	E:\donglong\jdk-1.8\bin\dt_socket.dll
0x00007fff31890000 - 0x00007fff318a6000 	C:\Windows\system32\napinsp.dll
0x00007fff31870000 - 0x00007fff3188a000 	C:\Windows\system32\pnrpnsp.dll
0x00007fff43350000 - 0x00007fff433b7000 	C:\Windows\System32\mswsock.dll
0x00007fff430f0000 - 0x00007fff431b6000 	C:\Windows\SYSTEM32\DNSAPI.dll
0x00007fff47000000 - 0x00007fff47008000 	C:\Windows\System32\NSI.dll
0x00007fff430b0000 - 0x00007fff430ed000 	C:\Windows\SYSTEM32\IPHLPAPI.DLL
0x00007fff3ac40000 - 0x00007fff3ac4e000 	C:\Windows\System32\winrnr.dll
0x00007fff40300000 - 0x00007fff4031b000 	C:\Windows\system32\NLAapi.dll
0x00007fff31850000 - 0x00007fff31865000 	C:\Windows\system32\wshbth.dll
0x00007fff37370000 - 0x00007fff373e9000 	C:\Windows\System32\fwpuclnt.dll
0x00007fff43d70000 - 0x00007fff43d96000 	C:\Windows\System32\bcrypt.dll
0x00007fff36930000 - 0x00007fff3693a000 	C:\Windows\System32\rasadhlp.dll
0x0000000051480000 - 0x000000005148d000 	E:\donglong\jdk-1.8\bin\management.dll
0x0000000051620000 - 0x000000005163a000 	E:\donglong\jdk-1.8\bin\net.dll
0x0000000051600000 - 0x0000000051611000 	E:\donglong\jdk-1.8\bin\nio.dll
0x00007fff42f10000 - 0x00007fff42f43000 	C:\Windows\system32\rsaenh.dll
0x00007fff43a50000 - 0x00007fff43a78000 	C:\Windows\SYSTEM32\USERENV.dll
0x00007fff43520000 - 0x00007fff4352c000 	C:\Windows\SYSTEM32\CRYPTBASE.dll
0x00007fff3d530000 - 0x00007fff3d546000 	C:\Windows\SYSTEM32\dhcpcsvc6.DLL
0x00007fff3e000000 - 0x00007fff3e01c000 	C:\Windows\SYSTEM32\dhcpcsvc.DLL
0x0000000180000000 - 0x000000018020b000 	E:\donglong\tomcat\apache-tomcat-8.5.9\bin\tcnative-1.dll
0x00000000515d0000 - 0x00000000515f4000 	E:\donglong\jdk-1.8\bin\sunec.dll
0x00007fff33c70000 - 0x00007fff33e5d000 	C:\Windows\SYSTEM32\dbghelp.dll

VM Arguments:
jvm_args: -agentlib:jdwp=transport=dt_socket,suspend=y,address=localhost:54200 -Dcom.sun.management.jmxremote -Dcom.sun.management.jmxremote.port=54199 -Dcom.sun.management.jmxremote.authenticate=false -Dcom.sun.management.jmxremote.ssl=false -Djava.rmi.server.hostname=localhost -Dspring.jmx.enabled=true -Dspring.liveBeansView.mbeanDomain -Dspring.application.admin.enabled=true -Xverify:none -XX:TieredStopAtLevel=1 -Dfile.encoding=UTF-8 
java_command: com.XZYHOrderingFood.back.XinZeYunHaiOrderingFoodApplication --spring.output.ansi.enabled=always
java_class_path (initial): E:\donglong\useWork\xinZeYunHai-orderingFood\target\classes;E:\donglong\maven\repository\commons-codec\commons-codec\1.11\commons-codec-1.11.jar;E:\donglong\maven\repository\org\springframework\boot\spring-boot-starter-web\2.0.4.RELEASE\spring-boot-starter-web-2.0.4.RELEASE.jar;E:\donglong\maven\repository\org\springframework\boot\spring-boot-starter\2.0.4.RELEASE\spring-boot-starter-2.0.4.RELEASE.jar;E:\donglong\maven\repository\org\springframework\boot\spring-boot-starter-logging\2.0.4.RELEASE\spring-boot-starter-logging-2.0.4.RELEASE.jar;E:\donglong\maven\repository\ch\qos\logback\logback-classic\1.2.3\logback-classic-1.2.3.jar;E:\donglong\maven\repository\ch\qos\logback\logback-core\1.2.3\logback-core-1.2.3.jar;E:\donglong\maven\repository\org\apache\logging\log4j\log4j-to-slf4j\2.10.0\log4j-to-slf4j-2.10.0.jar;E:\donglong\maven\repository\org\apache\logging\log4j\log4j-api\2.10.0\log4j-api-2.10.0.jar;E:\donglong\maven\repository\org\slf4j\jul-to-slf4j\1.7.25\jul-to-slf4j-1.7.25.jar;E:\donglong\maven\repository\org\yaml\snakeyaml\1.19\snakeyaml-1.19.jar;E:\donglong\maven\repository\org\springframework\boot\spring-boot-starter-json\2.0.4.RELEASE\spring-boot-starter-json-2.0.4.RELEASE.jar;E:\donglong\maven\repository\com\fasterxml\jackson\datatype\jackson-datatype-jdk8\2.9.6\jackson-datatype-jdk8-2.9.6.jar;E:\donglong\maven\repository\com\fasterxml\jackson\datatype\jackson-datatype-jsr310\2.9.6\jackson-datatype-jsr310-2.9.6.jar;E:\donglong\maven\repository\com\fasterxml\jackson\module\jackson-module-parameter-names\2.9.6\jackson-module-parameter-names-2.9.6.jar;E:\donglong\maven\repository\org\hibernate\validator\hibernate-validator\6.0.11.Final\hibernate-validator-6.0.11.Final.jar;E:\donglong\maven\repository\org\jboss\logging\jboss-logging\3.3.2.Final\jboss-logging-3.3.2.Final.jar;E:\donglong\maven\repository\com\fasterxml\classmate\1.3.4\classmate-1.3.4.jar;E:\donglong\maven\repository\org\springframework\spring-web\5.0.8.RELEASE\sp
Launcher Type: SUN_STANDARD

Environment Variables:
JAVA_HOME=E:\donglong\jdk-1.8
CLASSPATH=.;E:\donglong\jdk-1.8\lib;E:\donglong\jdk-1.8\lib\tools.jar
PATH=E:/donglong/jdk-1.8/bin/server;E:/donglong/jdk-1.8/bin;E:/donglong/jdk-1.8/lib/amd64;C:\ProgramData\Oracle\Java\javapath;C:\Windows\system32;C:\Windows;C:\Windows\System32\Wbem;C:\Windows\System32\WindowsPowerShell\v1.0\;C:\Windows\System32\OpenSSH\;C:\Program Files (x86)\NVIDIA Corporation\PhysX\Common;C:\Program Files (x86)\Intel\Intel(R) Management Engine Components\DAL;C:\Program Files\Intel\Intel(R) Management Engine Components\DAL;D:\Program Files\nodejs\;E:\donglong\jdk-1.8\bin;E:\donglong\jdk-1.8\jre\bin;E:\donglong\maven\apache-maven-3.6.1\bin;E:\donglong\git\Git\cmd;E:\donglong\svn\bin;C:\Program Files\MySQL\MySQL Server 8.0\bin;E:\donglong\tomcat\apache-tomcat-8.5.9\bin;C:\Program Files\MySQL\MySQL Shell 8.0\bin\;d:\Users\dell\AppData\Local\Programs\Microsoft VS Code\bin;E:\donglong\spring-tool-suite-3.9.8.RELEASE\sts-bundle\sts-3.9.8.RELEASE;
USERNAME=dell
OS=Windows_NT
PROCESSOR_IDENTIFIER=Intel64 Family 6 Model 158 Stepping 10, GenuineIntel



---------------  S Y S T E M  ---------------

OS: Windows 8.1 , 64 bit Build 9600 

CPU:total 6 (6 cores per cpu, 1 threads per core) family 6 model 158 stepping 10, cmov, cx8, fxsr, mmx, sse, sse2, sse3, ssse3, sse4.1, sse4.2, popcnt, avx, avx2, aes, clmul, erms, lzcnt, tsc, tscinvbit, bmi1, bmi2

Memory: 4k page, physical 8209384k(1940976k free), swap 12927976k(3749800k free)

vm_info: Java HotSpot(TM) 64-Bit Server VM (25.20-b23) for windows-amd64 JRE (1.8.0_20-b26), built on Jul 30 2014 13:51:23 by "java_re" with MS VC++ 10.0 (VS2010)

time: Sat Aug 03 23:50:29 2019
elapsed time: 3409 seconds (0d 0h 56m 49s)

